<?xml version="1.0" encoding="UTF-8"?><testsuite errors="2" failures="0" name="Ejemplo de Automatización en APIs con método POST" skipped="0" tests="2" time="4.26" timestamp="2021-08-11 12:53:10"><testcase name="Solicitud de consulta de Register con escenario correcto"><error message="JsonObject (through reference chain: gherkin.deps.com.google.gson.JsonObject[&quot;asString&quot;])" type="com.fasterxml.jackson.databind.JsonMappingException">JsonObject (through reference chain: gherkin.deps.com.google.gson.JsonObject["asString"])</error><system-err>JsonObject (through reference chain: gherkin.deps.com.google.gson.JsonObject["asString"])&#13;
com.fasterxml.jackson.databind.JsonMappingException.wrapWithPath(JsonMappingException.java:394)&#13;
com.fasterxml.jackson.databind.JsonMappingException.wrapWithPath(JsonMappingException.java:353)&#13;
com.fasterxml.jackson.databind.ser.std.StdSerializer.wrapAndThrow(StdSerializer.java:316)&#13;
com.fasterxml.jackson.databind.ser.std.BeanSerializerBase.serializeFields(BeanSerializerBase.java:729)&#13;
com.fasterxml.jackson.databind.ser.BeanSerializer.serialize(BeanSerializer.java:166)&#13;
com.fasterxml.jackson.databind.ser.DefaultSerializerProvider._serialize(DefaultSerializerProvider.java:480)&#13;
com.fasterxml.jackson.databind.ser.DefaultSerializerProvider.serializeValue(DefaultSerializerProvider.java:319)&#13;
com.fasterxml.jackson.databind.ObjectMapper.writeValue(ObjectMapper.java:2795)&#13;
io.restassured.internal.mapping.Jackson2Mapper.serialize(Jackson2Mapper.groovy:53)&#13;
io.restassured.internal.mapping.Jackson2Mapper.serialize(Jackson2Mapper.groovy)&#13;
io.restassured.internal.mapping.ObjectMapping.serializeWithJackson2(ObjectMapping.groovy:183)&#13;
io.restassured.internal.mapping.ObjectMapping.serialize(ObjectMapping.groovy:119)&#13;
io.restassured.internal.RequestSpecificationImpl.body(RequestSpecificationImpl.groovy:832)&#13;
net.serenitybdd.rest.decorators.request.RequestSpecificationBodyConfigurations.body(RequestSpecificationBodyConfigurations.java:29)&#13;
net.serenitybdd.rest.decorators.request.RequestSpecificationDecorated.body(RequestSpecificationDecorated.java:28)&#13;
com.bdd.generic.ServiceDOM.ejecutarServicioConfigurandoCabeceraConBody(ServiceDOM.java:102)&#13;
com.bdd.api.step.AutomatizacionStepDos.ejecutarServicioDeConfiguracionDeHeadersConBody(AutomatizacionStepDos.java:47)&#13;
com.bdd.api.stepdefinition.AutomatizacionStepDefinitionDos.ejecutamosElServicioConLaConfiguracionDeLosHeaders(AutomatizacionStepDefinitionDos.java:39)&#13;
cucumber.runner.Runner.runPickle(Runner.java:80)&#13;
</system-err></testcase><testcase name="Solicitud de consulta de Register con escenario incorrecto"><error message="JsonObject (through reference chain: gherkin.deps.com.google.gson.JsonObject[&quot;asString&quot;])" type="com.fasterxml.jackson.databind.JsonMappingException">JsonObject (through reference chain: gherkin.deps.com.google.gson.JsonObject["asString"])</error><system-err>JsonObject (through reference chain: gherkin.deps.com.google.gson.JsonObject["asString"])&#13;
com.fasterxml.jackson.databind.JsonMappingException.wrapWithPath(JsonMappingException.java:394)&#13;
com.fasterxml.jackson.databind.JsonMappingException.wrapWithPath(JsonMappingException.java:353)&#13;
com.fasterxml.jackson.databind.ser.std.StdSerializer.wrapAndThrow(StdSerializer.java:316)&#13;
com.fasterxml.jackson.databind.ser.std.BeanSerializerBase.serializeFields(BeanSerializerBase.java:729)&#13;
com.fasterxml.jackson.databind.ser.BeanSerializer.serialize(BeanSerializer.java:166)&#13;
com.fasterxml.jackson.databind.ser.DefaultSerializerProvider._serialize(DefaultSerializerProvider.java:480)&#13;
com.fasterxml.jackson.databind.ser.DefaultSerializerProvider.serializeValue(DefaultSerializerProvider.java:319)&#13;
com.fasterxml.jackson.databind.ObjectMapper.writeValue(ObjectMapper.java:2795)&#13;
io.restassured.internal.mapping.Jackson2Mapper.serialize(Jackson2Mapper.groovy:53)&#13;
io.restassured.internal.mapping.Jackson2Mapper.serialize(Jackson2Mapper.groovy)&#13;
io.restassured.internal.mapping.ObjectMapping.serializeWithJackson2(ObjectMapping.groovy:183)&#13;
io.restassured.internal.mapping.ObjectMapping.serialize(ObjectMapping.groovy:119)&#13;
io.restassured.internal.RequestSpecificationImpl.body(RequestSpecificationImpl.groovy:832)&#13;
net.serenitybdd.rest.decorators.request.RequestSpecificationBodyConfigurations.body(RequestSpecificationBodyConfigurations.java:29)&#13;
net.serenitybdd.rest.decorators.request.RequestSpecificationDecorated.body(RequestSpecificationDecorated.java:28)&#13;
com.bdd.generic.ServiceDOM.ejecutarServicioConfigurandoCabeceraConBody(ServiceDOM.java:102)&#13;
com.bdd.api.step.AutomatizacionStepDos.ejecutarServicioDeConfiguracionDeHeadersConBody(AutomatizacionStepDos.java:47)&#13;
com.bdd.api.stepdefinition.AutomatizacionStepDefinitionDos.ejecutamosElServicioConLaConfiguracionDeLosHeaders(AutomatizacionStepDefinitionDos.java:39)&#13;
cucumber.runner.Runner.runPickle(Runner.java:80)&#13;
</system-err></testcase></testsuite>